99.08.13 17:29 B e:\chamba\matematicas\cerrada\images\Image80.jpg --> enlacepro.ruv.itesm.mx /www/docs/enlacepro/clinea/mate-bas/cerrada/images Image80.jpg
99.08.13 17:29 B e:\chamba\matematicas\cerrada\images\Image80.jpg --> enlacepro.ruv.itesm.mx /www/docs/enlacepro/clinea/mate-bas/cerrada/images Image80.jpg
99.08.13 17:29 B e:\chamba\matematicas\cerrada\images\Image80.jpg --> enlacepro.ruv.itesm.mx /www/docs/enlacepro/clinea/mate-bas/cerrada/images Image80.jpg
99.08.13 17:29 B e:\chamba\matematicas\cerrada\images\Image80.jpg --> enlacepro.ruv.itesm.mx /www/docs/enlacepro/clinea/mate-bas/cerrada/images Image80.jpg
99.08.20 16:09 B C:\WINDOWS\DESKTOP\matematicas\cerrada\images\1847.gif --> www.cegs.itesm.mx /usr/ns-home/docs/educacionenlinea/material/matematicas/cerrada/images 1847.gif
99.08.20 16:09 B C:\WINDOWS\DESKTOP\matematicas\cerrada\images\19money.jpg --> www.cegs.itesm.mx /usr/ns-home/docs/educacionenlinea/material/matematicas/cerrada/images 19money.jpg
99.08.20 16:09 B C:\WINDOWS\DESKTOP\matematicas\cerrada\images\2051.gif --> www.cegs.itesm.mx /usr/ns-home/docs/educacionenlinea/material/matematicas/cerrada/images 2051.gif
99.08.20 16:09 B C:\WINDOWS\DESKTOP\matematicas\cerrada\images\acts.h1.jpg --> www.cegs.itesm.mx /usr/ns-home/docs/educacionenlinea/material/matematicas/cerrada/images acts.h1.jpg
99.08.20 16:09 B C:\WINDOWS\DESKTOP\matematicas\cerrada\images\applet1.jpg --> www.cegs.itesm.mx /usr/ns-home/docs/educacionenlinea/material/matematicas/cerrada/images applet1.jpg
99.08.20 16:09 B C:\WINDOWS\DESKTOP\matematicas\cerrada\images\applet2.jpg --> www.cegs.itesm.mx /usr/ns-home/docs/educacionenlinea/material/matematicas/cerrada/images applet2.jpg
99.08.20 16:09 B C:\WINDOWS\DESKTOP\matematicas\cerrada\images\apptablas.jpg --> www.cegs.itesm.mx /usr/ns-home/docs/educacionenlinea/material/matematicas/cerrada/images apptablas.jpg
99.08.20 16:09 B C:\WINDOWS\DESKTOP\matematicas\cerrada\images\ass.jpg --> www.cegs.itesm.mx /usr/ns-home/docs/educacionenlinea/material/matematicas/cerrada/images ass.jpg
99.08.20 16:09 B C:\WINDOWS\DESKTOP\matematicas\cerrada\images\assigbutton.jpg --> www.cegs.itesm.mx /usr/ns-home/docs/educacionenlinea/material/matematicas/cerrada/images assigbutton.jpg
99.08.20 16:09 B C:\WINDOWS\DESKTOP\matematicas\cerrada\images\assignment.jpg --> www.cegs.itesm.mx /usr/ns-home/docs/educacionenlinea/material/matematicas/cerrada/images assignment.jpg
99.08.20 16:09 B C:\WINDOWS\DESKTOP\matematicas\cerrada\images\backrojo.jpg --> www.cegs.itesm.mx /usr/ns-home/docs/educacionenlinea/material/matematicas/cerrada/images backrojo.jpg
99.08.20 16:09 B C:\WINDOWS\DESKTOP\matematicas\cerrada\images\banner1.jpg --> www.cegs.itesm.mx /usr/ns-home/docs/educacionenlinea/material/matematicas/cerrada/images banner1.jpg
99.08.20 16:09 B C:\WINDOWS\DESKTOP\matematicas\cerrada\images\banner1_2.jpg --> www.cegs.itesm.mx /usr/ns-home/docs/educacionenlinea/material/matematicas/cerrada/images banner1_2.jpg
99.08.20 16:09 B C:\WINDOWS\DESKTOP\matematicas\cerrada\images\banner1_2.mic --> www.cegs.itesm.mx /usr/ns-home/docs/educacionenlinea/material/matematicas/cerrada/images banner1_2.mic
99.08.20 16:09 B C:\WINDOWS\DESKTOP\matematicas\cerrada\images\beginbutton.jpg --> www.cegs.itesm.mx /usr/ns-home/docs/educacionenlinea/material/matematicas/cerrada/images beginbutton.jpg
99.08.20 16:09 B C:\WINDOWS\DESKTOP\matematicas\cerrada\images\benlinea.jpg --> www.cegs.itesm.mx /usr/ns-home/docs/educacionenlinea/material/matematicas/cerrada/images benlinea.jpg
99.08.20 16:09 B C:\WINDOWS\DESKTOP\matematicas\cerrada\images\bl-royalb.gif --> www.cegs.itesm.mx /usr/ns-home/docs/educacionenlinea/material/matematicas/cerrada/images bl-royalb.gif
99.08.20 16:09 B C:\WINDOWS\DESKTOP\matematicas\cerrada\images\blueback.gif --> www.cegs.itesm.mx /usr/ns-home/docs/educacionenlinea/material/matematicas/cerrada/images blueback.gif
99.08.20 16:09 B C:\WINDOWS\DESKTOP\matematicas\cerrada\images\bulb1.gif --> www.cegs.itesm.mx /usr/ns-home/docs/educacionenlinea/material/matematicas/cerrada/images bulb1.gif
99.08.20 16:09 B C:\WINDOWS\DESKTOP\matematicas\cerrada\images\campus.jpg --> www.cegs.itesm.mx /usr/ns-home/docs/educacionenlinea/material/matematicas/cerrada/images campus.jpg
99.08.20 16:09 B C:\WINDOWS\DESKTOP\matematicas\cerrada\images\diagrama.jpg --> www.cegs.itesm.mx /usr/ns-home/docs/educacionenlinea/material/matematicas/cerrada/images diagrama.jpg
99.08.20 16:09 B C:\WINDOWS\DESKTOP\matematicas\cerrada\images\eccomp1.jpg --> www.cegs.itesm.mx /usr/ns-home/docs/educacionenlinea/material/matematicas/cerrada/images eccomp1.jpg
99.08.20 16:09 B C:\WINDOWS\DESKTOP\matematicas\cerrada\images\eccomp2.jpg --> www.cegs.itesm.mx /usr/ns-home/docs/educacionenlinea/material/matematicas/cerrada/images eccomp2.jpg
99.08.20 16:09 B C:\WINDOWS\DESKTOP\matematicas\cerrada\images\eccomp3.jpg --> www.cegs.itesm.mx /usr/ns-home/docs/educacionenlinea/material/matematicas/cerrada/images eccomp3.jpg
99.08.20 16:09 B C:\WINDOWS\DESKTOP\matematicas\cerrada\images\espera.gif --> www.cegs.itesm.mx /usr/ns-home/docs/educacionenlinea/material/matematicas/cerrada/images espera.gif
99.08.20 16:09 B C:\WINDOWS\DESKTOP\matematicas\cerrada\images\excelc3.jpg --> www.cegs.itesm.mx /usr/ns-home/docs/educacionenlinea/material/matematicas/cerrada/images excelc3.jpg
99.08.20 16:09 B C:\WINDOWS\DESKTOP\matematicas\cerrada\images\excelc4.jpg --> www.cegs.itesm.mx /usr/ns-home/docs/educacionenlinea/material/matematicas/cerrada/images excelc4.jpg
99.08.20 16:09 B C:\WINDOWS\DESKTOP\matematicas\cerrada\images\excelc5.jpg --> www.cegs.itesm.mx /usr/ns-home/docs/educacionenlinea/material/matematicas/cerrada/images excelc5.jpg
99.08.20 16:09 B C:\WINDOWS\DESKTOP\matematicas\cerrada\images\excelc6.jpg --> www.cegs.itesm.mx /usr/ns-home/docs/educacionenlinea/material/matematicas/cerrada/images excelc6.jpg
99.08.20 16:09 B C:\WINDOWS\DESKTOP\matematicas\cerrada\images\excelc7.jpg --> www.cegs.itesm.mx /usr/ns-home/docs/educacionenlinea/material/matematicas/cerrada/images excelc7.jpg
99.08.20 16:09 B C:\WINDOWS\DESKTOP\matematicas\cerrada\images\excelc8.jpg --> www.cegs.itesm.mx /usr/ns-home/docs/educacionenlinea/material/matematicas/cerrada/images excelc8.jpg
99.08.20 16:09 B C:\WINDOWS\DESKTOP\matematicas\cerrada\images\green.jpg --> www.cegs.itesm.mx /usr/ns-home/docs/educacionenlinea/material/matematicas/cerrada/images green.jpg
99.08.20 16:09 B C:\WINDOWS\DESKTOP\matematicas\cerrada\images\Guión negro.gif --> www.cegs.itesm.mx /usr/ns-home/docs/educacionenlinea/material/matematicas/cerrada/images Guión negro.gif
99.08.20 16:09 B C:\WINDOWS\DESKTOP\matematicas\cerrada\images\image1.gif --> www.cegs.itesm.mx /usr/ns-home/docs/educacionenlinea/material/matematicas/cerrada/images image1.gif
99.08.20 16:09 B C:\WINDOWS\DESKTOP\matematicas\cerrada\images\image10.gif --> www.cegs.itesm.mx /usr/ns-home/docs/educacionenlinea/material/matematicas/cerrada/images image10.gif
99.08.20 16:09 B C:\WINDOWS\DESKTOP\matematicas\cerrada\images\image10.jpg --> www.cegs.itesm.mx /usr/ns-home/docs/educacionenlinea/material/matematicas/cerrada/images image10.jpg
99.08.20 16:09 B C:\WINDOWS\DESKTOP\matematicas\cerrada\images\image11.gif --> www.cegs.itesm.mx /usr/ns-home/docs/educacionenlinea/material/matematicas/cerrada/images image11.gif
99.08.20 16:09 B C:\WINDOWS\DESKTOP\matematicas\cerrada\images\image12.gif --> www.cegs.itesm.mx /usr/ns-home/docs/educacionenlinea/material/matematicas/cerrada/images image12.gif
99.08.20 16:09 B C:\WINDOWS\DESKTOP\matematicas\cerrada\images\image12.jpg --> www.cegs.itesm.mx /usr/ns-home/docs/educacionenlinea/material/matematicas/cerrada/images image12.jpg
99.08.20 16:09 B C:\WINDOWS\DESKTOP\matematicas\cerrada\images\image13.gif --> www.cegs.itesm.mx /usr/ns-home/docs/educacionenlinea/material/matematicas/cerrada/images image13.gif
99.08.20 16:09 B C:\WINDOWS\DESKTOP\matematicas\cerrada\images\image14.jpg --> www.cegs.itesm.mx /usr/ns-home/docs/educacionenlinea/material/matematicas/cerrada/images image14.jpg
99.08.20 16:09 B C:\WINDOWS\DESKTOP\matematicas\cerrada\images\image15.gif --> www.cegs.itesm.mx /usr/ns-home/docs/educacionenlinea/material/matematicas/cerrada/images image15.gif
99.08.20 16:09 B C:\WINDOWS\DESKTOP\matematicas\cerrada\images\image16.jpg --> www.cegs.itesm.mx /usr/ns-home/docs/educacionenlinea/material/matematicas/cerrada/images image16.jpg
99.08.20 16:09 B C:\WINDOWS\DESKTOP\matematicas\cerrada\images\image17.gif --> www.cegs.itesm.mx /usr/ns-home/docs/educacionenlinea/material/matematicas/cerrada/images image17.gif
99.08.20 16:09 B C:\WINDOWS\DESKTOP\matematicas\cerrada\images\image18.gif --> www.cegs.itesm.mx /usr/ns-home/docs/educacionenlinea/material/matematicas/cerrada/images image18.gif
99.08.20 16:09 B C:\WINDOWS\DESKTOP\matematicas\cerrada\images\image19.jpg --> www.cegs.itesm.mx /usr/ns-home/docs/educacionenlinea/material/matematicas/cerrada/images image19.jpg
99.08.20 16:09 B C:\WINDOWS\DESKTOP\matematicas\cerrada\images\image2.gif --> www.cegs.itesm.mx /usr/ns-home/docs/educacionenlinea/material/matematicas/cerrada/images image2.gif
99.08.20 16:09 B C:\WINDOWS\DESKTOP\matematicas\cerrada\images\image20.jpg --> www.cegs.itesm.mx /usr/ns-home/docs/educacionenlinea/material/matematicas/cerrada/images image20.jpg
99.08.20 16:09 B C:\WINDOWS\DESKTOP\matematicas\cerrada\images\image21.gif --> www.cegs.itesm.mx /usr/ns-home/docs/educacionenlinea/material/matematicas/cerrada/images image21.gif
99.08.20 16:09 B C:\WINDOWS\DESKTOP\matematicas\cerrada\images\image22.jpg --> www.cegs.itesm.mx /usr/ns-home/docs/educacionenlinea/material/matematicas/cerrada/images image22.jpg
99.08.20 16:09 B C:\WINDOWS\DESKTOP\matematicas\cerrada\images\image23.jpg --> www.cegs.itesm.mx /usr/ns-home/docs/educacionenlinea/material/matematicas/cerrada/images image23.jpg
99.08.20 16:09 B C:\WINDOWS\DESKTOP\matematicas\cerrada\images\image24.gif --> www.cegs.itesm.mx /usr/ns-home/docs/educacionenlinea/material/matematicas/cerrada/images image24.gif
99.08.20 16:09 B C:\WINDOWS\DESKTOP\matematicas\cerrada\images\image25.jpg --> www.cegs.itesm.mx /usr/ns-home/docs/educacionenlinea/material/matematicas/cerrada/images image25.jpg
99.08.20 16:09 B C:\WINDOWS\DESKTOP\matematicas\cerrada\images\image26.jpg --> www.cegs.itesm.mx /usr/ns-home/docs/educacionenlinea/material/matematicas/cerrada/images image26.jpg
99.08.20 16:09 B C:\WINDOWS\DESKTOP\matematicas\cerrada\images\image27.gif --> www.cegs.itesm.mx /usr/ns-home/docs/educacionenlinea/material/matematicas/cerrada/images image27.gif
99.08.20 16:09 B C:\WINDOWS\DESKTOP\matematicas\cerrada\images\image28.jpg --> www.cegs.itesm.mx /usr/ns-home/docs/educacionenlinea/material/matematicas/cerrada/images image28.jpg
99.08.20 16:09 B C:\WINDOWS\DESKTOP\matematicas\cerrada\images\image29.jpg --> www.cegs.itesm.mx /usr/ns-home/docs/educacionenlinea/material/matematicas/cerrada/images image29.jpg
99.08.20 16:09 B C:\WINDOWS\DESKTOP\matematicas\cerrada\images\image30.gif --> www.cegs.itesm.mx /usr/ns-home/docs/educacionenlinea/material/matematicas/cerrada/images image30.gif
99.08.20 16:09 B C:\WINDOWS\DESKTOP\matematicas\cerrada\images\image31.jpg --> www.cegs.itesm.mx /usr/ns-home/docs/educacionenlinea/material/matematicas/cerrada/images image31.jpg
99.08.20 16:09 B C:\WINDOWS\DESKTOP\matematicas\cerrada\images\image32.jpg --> www.cegs.itesm.mx /usr/ns-home/docs/educacionenlinea/material/matematicas/cerrada/images image32.jpg
99.08.20 16:09 B C:\WINDOWS\DESKTOP\matematicas\cerrada\images\image33.gif --> www.cegs.itesm.mx /usr/ns-home/docs/educacionenlinea/material/matematicas/cerrada/images image33.gif
99.08.20 16:09 B C:\WINDOWS\DESKTOP\matematicas\cerrada\images\image34.gif --> www.cegs.itesm.mx /usr/ns-home/docs/educacionenlinea/material/matematicas/cerrada/images image34.gif
99.08.20 16:09 B C:\WINDOWS\DESKTOP\matematicas\cerrada\images\Image38.jpg --> www.cegs.itesm.mx /usr/ns-home/docs/educacionenlinea/material/matematicas/cerrada/images Image38.jpg
99.08.20 16:09 B C:\WINDOWS\DESKTOP\matematicas\cerrada\images\image5.gif --> www.cegs.itesm.mx /usr/ns-home/docs/educacionenlinea/material/matematicas/cerrada/images image5.gif
99.08.20 16:09 B C:\WINDOWS\DESKTOP\matematicas\cerrada\images\image6.jpg --> www.cegs.itesm.mx /usr/ns-home/docs/educacionenlinea/material/matematicas/cerrada/images image6.jpg
99.08.20 16:09 B C:\WINDOWS\DESKTOP\matematicas\cerrada\images\image7.gif --> www.cegs.itesm.mx /usr/ns-home/docs/educacionenlinea/material/matematicas/cerrada/images image7.gif
99.08.20 16:09 B C:\WINDOWS\DESKTOP\matematicas\cerrada\images\image8.gif --> www.cegs.itesm.mx /usr/ns-home/docs/educacionenlinea/material/matematicas/cerrada/images image8.gif
99.08.20 16:09 B C:\WINDOWS\DESKTOP\matematicas\cerrada\images\Image80.jpg --> www.cegs.itesm.mx /usr/ns-home/docs/educacionenlinea/material/matematicas/cerrada/images Image80.jpg
99.08.20 16:09 B C:\WINDOWS\DESKTOP\matematicas\cerrada\images\Image81.jpg --> www.cegs.itesm.mx /usr/ns-home/docs/educacionenlinea/material/matematicas/cerrada/images Image81.jpg
99.08.20 16:09 B C:\WINDOWS\DESKTOP\matematicas\cerrada\images\Image82.jpg --> www.cegs.itesm.mx /usr/ns-home/docs/educacionenlinea/material/matematicas/cerrada/images Image82.jpg
99.08.20 16:09 B C:\WINDOWS\DESKTOP\matematicas\cerrada\images\Image83.jpg --> www.cegs.itesm.mx /usr/ns-home/docs/educacionenlinea/material/matematicas/cerrada/images Image83.jpg
99.08.20 16:09 B C:\WINDOWS\DESKTOP\matematicas\cerrada\images\Image84.jpg --> www.cegs.itesm.mx /usr/ns-home/docs/educacionenlinea/material/matematicas/cerrada/images Image84.jpg
99.08.20 16:09 B C:\WINDOWS\DESKTOP\matematicas\cerrada\images\Image85.jpg --> www.cegs.itesm.mx /usr/ns-home/docs/educacionenlinea/material/matematicas/cerrada/images Image85.jpg
99.08.20 16:09 B C:\WINDOWS\DESKTOP\matematicas\cerrada\images\Image86.jpg --> www.cegs.itesm.mx /usr/ns-home/docs/educacionenlinea/material/matematicas/cerrada/images Image86.jpg
99.08.20 16:09 B C:\WINDOWS\DESKTOP\matematicas\cerrada\images\Image87.jpg --> www.cegs.itesm.mx /usr/ns-home/docs/educacionenlinea/material/matematicas/cerrada/images Image87.jpg
99.08.20 16:09 B C:\WINDOWS\DESKTOP\matematicas\cerrada\images\Image88.jpg --> www.cegs.itesm.mx /usr/ns-home/docs/educacionenlinea/material/matematicas/cerrada/images Image88.jpg
99.08.20 16:09 B C:\WINDOWS\DESKTOP\matematicas\cerrada\images\Image89.jpg --> www.cegs.itesm.mx /usr/ns-home/docs/educacionenlinea/material/matematicas/cerrada/images Image89.jpg
99.08.20 16:09 B C:\WINDOWS\DESKTOP\matematicas\cerrada\images\image9.gif --> www.cegs.itesm.mx /usr/ns-home/docs/educacionenlinea/material/matematicas/cerrada/images image9.gif
99.08.20 16:09 B C:\WINDOWS\DESKTOP\matematicas\cerrada\images\Image90.jpg --> www.cegs.itesm.mx /usr/ns-home/docs/educacionenlinea/material/matematicas/cerrada/images Image90.jpg
99.08.20 16:09 B C:\WINDOWS\DESKTOP\matematicas\cerrada\images\imagen_8.jpg --> www.cegs.itesm.mx /usr/ns-home/docs/educacionenlinea/material/matematicas/cerrada/images imagen_8.jpg
99.08.20 16:09 B C:\WINDOWS\DESKTOP\matematicas\cerrada\images\indbul2a.gif --> www.cegs.itesm.mx /usr/ns-home/docs/educacionenlinea/material/matematicas/cerrada/images indbul2a.gif
99.08.20 16:09 B C:\WINDOWS\DESKTOP\matematicas\cerrada\images\indice.jpg --> www.cegs.itesm.mx /usr/ns-home/docs/educacionenlinea/material/matematicas/cerrada/images indice.jpg
99.08.20 16:09 B C:\WINDOWS\DESKTOP\matematicas\cerrada\images\indtextb.jpg --> www.cegs.itesm.mx /usr/ns-home/docs/educacionenlinea/material/matematicas/cerrada/images indtextb.jpg
99.08.20 16:09 B C:\WINDOWS\DESKTOP\matematicas\cerrada\images\nl.gif --> www.cegs.itesm.mx /usr/ns-home/docs/educacionenlinea/material/matematicas/cerrada/images nl.gif
99.08.20 16:09 B C:\WINDOWS\DESKTOP\matematicas\cerrada\images\nl.jpg --> www.cegs.itesm.mx /usr/ns-home/docs/educacionenlinea/material/matematicas/cerrada/images nl.jpg
99.08.20 16:09 B C:\WINDOWS\DESKTOP\matematicas\cerrada\images\nleon.jpg --> www.cegs.itesm.mx /usr/ns-home/docs/educacionenlinea/material/matematicas/cerrada/images nleon.jpg
99.08.20 16:09 B C:\WINDOWS\DESKTOP\matematicas\cerrada\images\Nuevo_Leon.jpg --> www.cegs.itesm.mx /usr/ns-home/docs/educacionenlinea/material/matematicas/cerrada/images Nuevo_Leon.jpg
99.08.20 16:09 B C:\WINDOWS\DESKTOP\matematicas\cerrada\images\ojo.jpg --> www.cegs.itesm.mx /usr/ns-home/docs/educacionenlinea/material/matematicas/cerrada/images ojo.jpg
99.08.20 16:09 B C:\WINDOWS\DESKTOP\matematicas\cerrada\images\pointy1.gif --> www.cegs.itesm.mx /usr/ns-home/docs/educacionenlinea/material/matematicas/cerrada/images pointy1.gif
99.08.20 16:09 B C:\WINDOWS\DESKTOP\matematicas\cerrada\images\pspbrwse.jbf --> www.cegs.itesm.mx /usr/ns-home/docs/educacionenlinea/material/matematicas/cerrada/images pspbrwse.jbf
99.08.20 16:09 B C:\WINDOWS\DESKTOP\matematicas\cerrada\images\pueblo.jpg --> www.cegs.itesm.mx /usr/ns-home/docs/educacionenlinea/material/matematicas/cerrada/images pueblo.jpg
99.08.20 16:09 B C:\WINDOWS\DESKTOP\matematicas\cerrada\images\razas.jpg --> www.cegs.itesm.mx /usr/ns-home/docs/educacionenlinea/material/matematicas/cerrada/images razas.jpg
99.08.20 16:09 B C:\WINDOWS\DESKTOP\matematicas\cerrada\images\save.jpg --> www.cegs.itesm.mx /usr/ns-home/docs/educacionenlinea/material/matematicas/cerrada/images save.jpg
99.08.20 16:09 B C:\WINDOWS\DESKTOP\matematicas\cerrada\images\select.jpg --> www.cegs.itesm.mx /usr/ns-home/docs/educacionenlinea/material/matematicas/cerrada/images select.jpg
99.08.20 16:09 B C:\WINDOWS\DESKTOP\matematicas\cerrada\images\TecPC.gif --> www.cegs.itesm.mx /usr/ns-home/docs/educacionenlinea/material/matematicas/cerrada/images TecPC.gif
99.08.20 16:09 B C:\WINDOWS\DESKTOP\matematicas\cerrada\images\tickb.gif --> www.cegs.itesm.mx /usr/ns-home/docs/educacionenlinea/material/matematicas/cerrada/images tickb.gif
99.08.20 16:09 B C:\WINDOWS\DESKTOP\matematicas\cerrada\images\unidad1.jpg --> www.cegs.itesm.mx /usr/ns-home/docs/educacionenlinea/material/matematicas/cerrada/images unidad1.jpg
99.08.20 16:09 B C:\WINDOWS\DESKTOP\matematicas\cerrada\images\WS_FTP.LOG --> www.cegs.itesm.mx /usr/ns-home/docs/educacionenlinea/material/matematicas/cerrada/images WS_FTP.LOG
99.08.23 13:26 B e:\chamba\matem\cerrada\images\1847.gif --> enlacepro.ruv.itesm.mx /www/docs/enlacepro/clinea/mate-bas/cerrada/images 1847.gif
99.08.23 13:26 B e:\chamba\matem\cerrada\images\19money.jpg --> enlacepro.ruv.itesm.mx /www/docs/enlacepro/clinea/mate-bas/cerrada/images 19money.jpg
99.08.23 13:26 B e:\chamba\matem\cerrada\images\2051.gif --> enlacepro.ruv.itesm.mx /www/docs/enlacepro/clinea/mate-bas/cerrada/images 2051.gif
99.08.23 13:26 B e:\chamba\matem\cerrada\images\acts.h1.jpg --> enlacepro.ruv.itesm.mx /www/docs/enlacepro/clinea/mate-bas/cerrada/images acts.h1.jpg
99.08.23 13:26 B e:\chamba\matem\cerrada\images\applet1.jpg --> enlacepro.ruv.itesm.mx /www/docs/enlacepro/clinea/mate-bas/cerrada/images applet1.jpg
99.08.23 13:26 B e:\chamba\matem\cerrada\images\applet2.jpg --> enlacepro.ruv.itesm.mx /www/docs/enlacepro/clinea/mate-bas/cerrada/images applet2.jpg
99.08.23 13:26 B e:\chamba\matem\cerrada\images\apptablas.jpg --> enlacepro.ruv.itesm.mx /www/docs/enlacepro/clinea/mate-bas/cerrada/images apptablas.jpg
99.08.23 13:26 B e:\chamba\matem\cerrada\images\ass.jpg --> enlacepro.ruv.itesm.mx /www/docs/enlacepro/clinea/mate-bas/cerrada/images ass.jpg
99.08.23 13:26 B e:\chamba\matem\cerrada\images\assigbutton.jpg --> enlacepro.ruv.itesm.mx /www/docs/enlacepro/clinea/mate-bas/cerrada/images assigbutton.jpg
99.08.23 13:26 B e:\chamba\matem\cerrada\images\assignment.jpg --> enlacepro.ruv.itesm.mx /www/docs/enlacepro/clinea/mate-bas/cerrada/images assignment.jpg
99.08.23 13:26 B e:\chamba\matem\cerrada\images\backrojo.jpg --> enlacepro.ruv.itesm.mx /www/docs/enlacepro/clinea/mate-bas/cerrada/images backrojo.jpg
99.08.23 13:26 B e:\chamba\matem\cerrada\images\banner1.jpg --> enlacepro.ruv.itesm.mx /www/docs/enlacepro/clinea/mate-bas/cerrada/images banner1.jpg
99.08.23 13:26 B e:\chamba\matem\cerrada\images\banner1_2.jpg --> enlacepro.ruv.itesm.mx /www/docs/enlacepro/clinea/mate-bas/cerrada/images banner1_2.jpg
99.08.23 13:26 B e:\chamba\matem\cerrada\images\banner1_2.mic --> enlacepro.ruv.itesm.mx /www/docs/enlacepro/clinea/mate-bas/cerrada/images banner1_2.mic
99.08.23 13:26 B e:\chamba\matem\cerrada\images\beginbutton.jpg --> enlacepro.ruv.itesm.mx /www/docs/enlacepro/clinea/mate-bas/cerrada/images beginbutton.jpg
99.08.23 13:26 B e:\chamba\matem\cerrada\images\benlinea.jpg --> enlacepro.ruv.itesm.mx /www/docs/enlacepro/clinea/mate-bas/cerrada/images benlinea.jpg
99.08.23 13:26 B e:\chamba\matem\cerrada\images\bl-royalb.gif --> enlacepro.ruv.itesm.mx /www/docs/enlacepro/clinea/mate-bas/cerrada/images bl-royalb.gif
99.08.23 13:26 B e:\chamba\matem\cerrada\images\blueback.gif --> enlacepro.ruv.itesm.mx /www/docs/enlacepro/clinea/mate-bas/cerrada/images blueback.gif
99.08.23 13:26 B e:\chamba\matem\cerrada\images\bulb1.gif --> enlacepro.ruv.itesm.mx /www/docs/enlacepro/clinea/mate-bas/cerrada/images bulb1.gif
99.08.23 13:26 B e:\chamba\matem\cerrada\images\campus.jpg --> enlacepro.ruv.itesm.mx /www/docs/enlacepro/clinea/mate-bas/cerrada/images campus.jpg
99.08.23 13:26 B e:\chamba\matem\cerrada\images\diagrama.jpg --> enlacepro.ruv.itesm.mx /www/docs/enlacepro/clinea/mate-bas/cerrada/images diagrama.jpg
99.08.23 13:26 B e:\chamba\matem\cerrada\images\eccomp1.jpg --> enlacepro.ruv.itesm.mx /www/docs/enlacepro/clinea/mate-bas/cerrada/images eccomp1.jpg
99.08.23 13:26 B e:\chamba\matem\cerrada\images\eccomp2.jpg --> enlacepro.ruv.itesm.mx /www/docs/enlacepro/clinea/mate-bas/cerrada/images eccomp2.jpg
99.08.23 13:26 B e:\chamba\matem\cerrada\images\eccomp3.jpg --> enlacepro.ruv.itesm.mx /www/docs/enlacepro/clinea/mate-bas/cerrada/images eccomp3.jpg
99.08.23 13:26 B e:\chamba\matem\cerrada\images\espera.gif --> enlacepro.ruv.itesm.mx /www/docs/enlacepro/clinea/mate-bas/cerrada/images espera.gif
99.08.23 13:26 B e:\chamba\matem\cerrada\images\excelc3.jpg --> enlacepro.ruv.itesm.mx /www/docs/enlacepro/clinea/mate-bas/cerrada/images excelc3.jpg
99.08.23 13:26 B e:\chamba\matem\cerrada\images\excelc4.jpg --> enlacepro.ruv.itesm.mx /www/docs/enlacepro/clinea/mate-bas/cerrada/images excelc4.jpg
99.08.23 13:26 B e:\chamba\matem\cerrada\images\excelc5.jpg --> enlacepro.ruv.itesm.mx /www/docs/enlacepro/clinea/mate-bas/cerrada/images excelc5.jpg
99.08.23 13:26 B e:\chamba\matem\cerrada\images\excelc6.jpg --> enlacepro.ruv.itesm.mx /www/docs/enlacepro/clinea/mate-bas/cerrada/images excelc6.jpg
99.08.23 13:26 B e:\chamba\matem\cerrada\images\excelc7.jpg --> enlacepro.ruv.itesm.mx /www/docs/enlacepro/clinea/mate-bas/cerrada/images excelc7.jpg
99.08.23 13:26 B e:\chamba\matem\cerrada\images\excelc8.jpg --> enlacepro.ruv.itesm.mx /www/docs/enlacepro/clinea/mate-bas/cerrada/images excelc8.jpg
99.08.23 13:26 B e:\chamba\matem\cerrada\images\green.jpg --> enlacepro.ruv.itesm.mx /www/docs/enlacepro/clinea/mate-bas/cerrada/images green.jpg
99.08.23 13:26 B e:\chamba\matem\cerrada\images\Guión negro.gif --> enlacepro.ruv.itesm.mx /www/docs/enlacepro/clinea/mate-bas/cerrada/images Guión negro.gif
99.08.23 13:26 B e:\chamba\matem\cerrada\images\image1.gif --> enlacepro.ruv.itesm.mx /www/docs/enlacepro/clinea/mate-bas/cerrada/images image1.gif
99.08.23 13:26 B e:\chamba\matem\cerrada\images\image10.gif --> enlacepro.ruv.itesm.mx /www/docs/enlacepro/clinea/mate-bas/cerrada/images image10.gif
99.08.23 13:26 B e:\chamba\matem\cerrada\images\image10.jpg --> enlacepro.ruv.itesm.mx /www/docs/enlacepro/clinea/mate-bas/cerrada/images image10.jpg
99.08.23 13:26 B e:\chamba\matem\cerrada\images\image11.gif --> enlacepro.ruv.itesm.mx /www/docs/enlacepro/clinea/mate-bas/cerrada/images image11.gif
99.08.23 13:26 B e:\chamba\matem\cerrada\images\image12.gif --> enlacepro.ruv.itesm.mx /www/docs/enlacepro/clinea/mate-bas/cerrada/images image12.gif
99.08.23 13:26 B e:\chamba\matem\cerrada\images\image12.jpg --> enlacepro.ruv.itesm.mx /www/docs/enlacepro/clinea/mate-bas/cerrada/images image12.jpg
99.08.23 13:26 B e:\chamba\matem\cerrada\images\image13.gif --> enlacepro.ruv.itesm.mx /www/docs/enlacepro/clinea/mate-bas/cerrada/images image13.gif
99.08.23 13:26 B e:\chamba\matem\cerrada\images\image14.jpg --> enlacepro.ruv.itesm.mx /www/docs/enlacepro/clinea/mate-bas/cerrada/images image14.jpg
99.08.23 13:26 B e:\chamba\matem\cerrada\images\image15.gif --> enlacepro.ruv.itesm.mx /www/docs/enlacepro/clinea/mate-bas/cerrada/images image15.gif
99.08.23 13:26 B e:\chamba\matem\cerrada\images\image16.jpg --> enlacepro.ruv.itesm.mx /www/docs/enlacepro/clinea/mate-bas/cerrada/images image16.jpg
99.08.23 13:26 B e:\chamba\matem\cerrada\images\image17.gif --> enlacepro.ruv.itesm.mx /www/docs/enlacepro/clinea/mate-bas/cerrada/images image17.gif
99.08.23 13:26 B e:\chamba\matem\cerrada\images\image18.gif --> enlacepro.ruv.itesm.mx /www/docs/enlacepro/clinea/mate-bas/cerrada/images image18.gif
99.08.23 13:26 B e:\chamba\matem\cerrada\images\image19.jpg --> enlacepro.ruv.itesm.mx /www/docs/enlacepro/clinea/mate-bas/cerrada/images image19.jpg
99.08.23 13:26 B e:\chamba\matem\cerrada\images\image2.gif --> enlacepro.ruv.itesm.mx /www/docs/enlacepro/clinea/mate-bas/cerrada/images image2.gif
99.08.23 13:26 B e:\chamba\matem\cerrada\images\image20.jpg --> enlacepro.ruv.itesm.mx /www/docs/enlacepro/clinea/mate-bas/cerrada/images image20.jpg
99.08.23 13:26 B e:\chamba\matem\cerrada\images\image21.gif --> enlacepro.ruv.itesm.mx /www/docs/enlacepro/clinea/mate-bas/cerrada/images image21.gif
99.08.23 13:26 B e:\chamba\matem\cerrada\images\image22.jpg --> enlacepro.ruv.itesm.mx /www/docs/enlacepro/clinea/mate-bas/cerrada/images image22.jpg
99.08.23 13:26 B e:\chamba\matem\cerrada\images\image23.jpg --> enlacepro.ruv.itesm.mx /www/docs/enlacepro/clinea/mate-bas/cerrada/images image23.jpg
99.08.23 13:26 B e:\chamba\matem\cerrada\images\image24.gif --> enlacepro.ruv.itesm.mx /www/docs/enlacepro/clinea/mate-bas/cerrada/images image24.gif
99.08.23 13:26 B e:\chamba\matem\cerrada\images\image25.jpg --> enlacepro.ruv.itesm.mx /www/docs/enlacepro/clinea/mate-bas/cerrada/images image25.jpg
99.08.23 13:26 B e:\chamba\matem\cerrada\images\image26.jpg --> enlacepro.ruv.itesm.mx /www/docs/enlacepro/clinea/mate-bas/cerrada/images image26.jpg
99.08.23 13:26 B e:\chamba\matem\cerrada\images\image27.gif --> enlacepro.ruv.itesm.mx /www/docs/enlacepro/clinea/mate-bas/cerrada/images image27.gif
99.08.23 13:26 B e:\chamba\matem\cerrada\images\image28.jpg --> enlacepro.ruv.itesm.mx /www/docs/enlacepro/clinea/mate-bas/cerrada/images image28.jpg
99.08.23 13:26 B e:\chamba\matem\cerrada\images\image29.jpg --> enlacepro.ruv.itesm.mx /www/docs/enlacepro/clinea/mate-bas/cerrada/images image29.jpg
99.08.23 13:26 B e:\chamba\matem\cerrada\images\image30.gif --> enlacepro.ruv.itesm.mx /www/docs/enlacepro/clinea/mate-bas/cerrada/images image30.gif
99.08.23 13:26 B e:\chamba\matem\cerrada\images\image31.jpg --> enlacepro.ruv.itesm.mx /www/docs/enlacepro/clinea/mate-bas/cerrada/images image31.jpg
99.08.23 13:26 B e:\chamba\matem\cerrada\images\image32.jpg --> enlacepro.ruv.itesm.mx /www/docs/enlacepro/clinea/mate-bas/cerrada/images image32.jpg
99.08.23 13:26 B e:\chamba\matem\cerrada\images\image33.gif --> enlacepro.ruv.itesm.mx /www/docs/enlacepro/clinea/mate-bas/cerrada/images image33.gif
99.08.23 13:26 B e:\chamba\matem\cerrada\images\image34.gif --> enlacepro.ruv.itesm.mx /www/docs/enlacepro/clinea/mate-bas/cerrada/images image34.gif
99.08.23 13:26 B e:\chamba\matem\cerrada\images\Image38.jpg --> enlacepro.ruv.itesm.mx /www/docs/enlacepro/clinea/mate-bas/cerrada/images Image38.jpg
99.08.23 13:26 B e:\chamba\matem\cerrada\images\image5.gif --> enlacepro.ruv.itesm.mx /www/docs/enlacepro/clinea/mate-bas/cerrada/images image5.gif
99.08.23 13:26 B e:\chamba\matem\cerrada\images\image6.jpg --> enlacepro.ruv.itesm.mx /www/docs/enlacepro/clinea/mate-bas/cerrada/images image6.jpg
99.08.23 13:26 B e:\chamba\matem\cerrada\images\image7.gif --> enlacepro.ruv.itesm.mx /www/docs/enlacepro/clinea/mate-bas/cerrada/images image7.gif
99.08.23 13:26 B e:\chamba\matem\cerrada\images\image8.gif --> enlacepro.ruv.itesm.mx /www/docs/enlacepro/clinea/mate-bas/cerrada/images image8.gif
99.08.23 13:26 B e:\chamba\matem\cerrada\images\Image80.jpg --> enlacepro.ruv.itesm.mx /www/docs/enlacepro/clinea/mate-bas/cerrada/images Image80.jpg
99.08.23 13:26 B e:\chamba\matem\cerrada\images\Image81.jpg --> enlacepro.ruv.itesm.mx /www/docs/enlacepro/clinea/mate-bas/cerrada/images Image81.jpg
99.08.23 13:26 B e:\chamba\matem\cerrada\images\Image82.jpg --> enlacepro.ruv.itesm.mx /www/docs/enlacepro/clinea/mate-bas/cerrada/images Image82.jpg
99.08.23 13:26 B e:\chamba\matem\cerrada\images\Image83.jpg --> enlacepro.ruv.itesm.mx /www/docs/enlacepro/clinea/mate-bas/cerrada/images Image83.jpg
99.08.23 13:26 B e:\chamba\matem\cerrada\images\Image84.jpg --> enlacepro.ruv.itesm.mx /www/docs/enlacepro/clinea/mate-bas/cerrada/images Image84.jpg
99.08.23 13:26 B e:\chamba\matem\cerrada\images\Image85.jpg --> enlacepro.ruv.itesm.mx /www/docs/enlacepro/clinea/mate-bas/cerrada/images Image85.jpg
99.08.23 13:26 B e:\chamba\matem\cerrada\images\Image86.jpg --> enlacepro.ruv.itesm.mx /www/docs/enlacepro/clinea/mate-bas/cerrada/images Image86.jpg
99.08.23 13:26 B e:\chamba\matem\cerrada\images\Image87.jpg --> enlacepro.ruv.itesm.mx /www/docs/enlacepro/clinea/mate-bas/cerrada/images Image87.jpg
99.08.23 13:26 B e:\chamba\matem\cerrada\images\Image88.jpg --> enlacepro.ruv.itesm.mx /www/docs/enlacepro/clinea/mate-bas/cerrada/images Image88.jpg
99.08.23 13:26 B e:\chamba\matem\cerrada\images\Image89.jpg --> enlacepro.ruv.itesm.mx /www/docs/enlacepro/clinea/mate-bas/cerrada/images Image89.jpg
99.08.23 13:26 B e:\chamba\matem\cerrada\images\image9.gif --> enlacepro.ruv.itesm.mx /www/docs/enlacepro/clinea/mate-bas/cerrada/images image9.gif
99.08.23 13:26 B e:\chamba\matem\cerrada\images\Image90.jpg --> enlacepro.ruv.itesm.mx /www/docs/enlacepro/clinea/mate-bas/cerrada/images Image90.jpg
99.08.23 13:26 B e:\chamba\matem\cerrada\images\imagen_8.jpg --> enlacepro.ruv.itesm.mx /www/docs/enlacepro/clinea/mate-bas/cerrada/images imagen_8.jpg
99.08.23 13:26 B e:\chamba\matem\cerrada\images\indbul2a.gif --> enlacepro.ruv.itesm.mx /www/docs/enlacepro/clinea/mate-bas/cerrada/images indbul2a.gif
99.08.23 13:26 B e:\chamba\matem\cerrada\images\indice.jpg --> enlacepro.ruv.itesm.mx /www/docs/enlacepro/clinea/mate-bas/cerrada/images indice.jpg
99.08.23 13:26 B e:\chamba\matem\cerrada\images\indtextb.jpg --> enlacepro.ruv.itesm.mx /www/docs/enlacepro/clinea/mate-bas/cerrada/images indtextb.jpg
99.08.23 13:26 B e:\chamba\matem\cerrada\images\nl.gif --> enlacepro.ruv.itesm.mx /www/docs/enlacepro/clinea/mate-bas/cerrada/images nl.gif
99.08.23 13:26 B e:\chamba\matem\cerrada\images\nl.jpg --> enlacepro.ruv.itesm.mx /www/docs/enlacepro/clinea/mate-bas/cerrada/images nl.jpg
99.08.23 13:26 B e:\chamba\matem\cerrada\images\nleon.jpg --> enlacepro.ruv.itesm.mx /www/docs/enlacepro/clinea/mate-bas/cerrada/images nleon.jpg
99.08.23 13:26 B e:\chamba\matem\cerrada\images\Nuevo_Leon.jpg --> enlacepro.ruv.itesm.mx /www/docs/enlacepro/clinea/mate-bas/cerrada/images Nuevo_Leon.jpg
99.08.23 13:26 B e:\chamba\matem\cerrada\images\ojo.jpg --> enlacepro.ruv.itesm.mx /www/docs/enlacepro/clinea/mate-bas/cerrada/images ojo.jpg
99.08.23 13:26 B e:\chamba\matem\cerrada\images\pointy1.gif --> enlacepro.ruv.itesm.mx /www/docs/enlacepro/clinea/mate-bas/cerrada/images pointy1.gif
99.08.23 13:26 B e:\chamba\matem\cerrada\images\pspbrwse.jbf --> enlacepro.ruv.itesm.mx /www/docs/enlacepro/clinea/mate-bas/cerrada/images pspbrwse.jbf
99.08.23 13:26 B e:\chamba\matem\cerrada\images\pueblo.jpg --> enlacepro.ruv.itesm.mx /www/docs/enlacepro/clinea/mate-bas/cerrada/images pueblo.jpg
99.08.23 13:26 B e:\chamba\matem\cerrada\images\razas.jpg --> enlacepro.ruv.itesm.mx /www/docs/enlacepro/clinea/mate-bas/cerrada/images razas.jpg
99.08.23 13:26 B e:\chamba\matem\cerrada\images\save.jpg --> enlacepro.ruv.itesm.mx /www/docs/enlacepro/clinea/mate-bas/cerrada/images save.jpg
99.08.23 13:26 B e:\chamba\matem\cerrada\images\select.jpg --> enlacepro.ruv.itesm.mx /www/docs/enlacepro/clinea/mate-bas/cerrada/images select.jpg
99.08.23 13:26 B e:\chamba\matem\cerrada\images\TecPC.gif --> enlacepro.ruv.itesm.mx /www/docs/enlacepro/clinea/mate-bas/cerrada/images TecPC.gif
99.08.23 13:26 B e:\chamba\matem\cerrada\images\tickb.gif --> enlacepro.ruv.itesm.mx /www/docs/enlacepro/clinea/mate-bas/cerrada/images tickb.gif
99.08.23 13:26 B e:\chamba\matem\cerrada\images\unidad1.jpg --> enlacepro.ruv.itesm.mx /www/docs/enlacepro/clinea/mate-bas/cerrada/images unidad1.jpg
1999.12.10 09:00 B C:\WINDOWS\Desktop\mate_bas\cerrada\images\1847.gif --> www.cegs.itesm.mx /usr/www/docs/educacionenlinea/material/mate_bas/cerrada/images 1847.gif
1999.12.10 09:00 B C:\WINDOWS\Desktop\mate_bas\cerrada\images\19money.jpg --> www.cegs.itesm.mx /usr/www/docs/educacionenlinea/material/mate_bas/cerrada/images 19money.jpg
1999.12.10 09:00 B C:\WINDOWS\Desktop\mate_bas\cerrada\images\2051.gif --> www.cegs.itesm.mx /usr/www/docs/educacionenlinea/material/mate_bas/cerrada/images 2051.gif
1999.12.10 09:00 B C:\WINDOWS\Desktop\mate_bas\cerrada\images\acts.h1.jpg --> www.cegs.itesm.mx /usr/www/docs/educacionenlinea/material/mate_bas/cerrada/images acts.h1.jpg
1999.12.10 09:00 B C:\WINDOWS\Desktop\mate_bas\cerrada\images\applet1.jpg --> www.cegs.itesm.mx /usr/www/docs/educacionenlinea/material/mate_bas/cerrada/images applet1.jpg
1999.12.10 09:00 B C:\WINDOWS\Desktop\mate_bas\cerrada\images\applet2.jpg --> www.cegs.itesm.mx /usr/www/docs/educacionenlinea/material/mate_bas/cerrada/images applet2.jpg
1999.12.10 09:00 B C:\WINDOWS\Desktop\mate_bas\cerrada\images\apptablas.jpg --> www.cegs.itesm.mx /usr/www/docs/educacionenlinea/material/mate_bas/cerrada/images apptablas.jpg
1999.12.10 09:00 B C:\WINDOWS\Desktop\mate_bas\cerrada\images\ass.jpg --> www.cegs.itesm.mx /usr/www/docs/educacionenlinea/material/mate_bas/cerrada/images ass.jpg
1999.12.10 09:00 B C:\WINDOWS\Desktop\mate_bas\cerrada\images\assigbutton.jpg --> www.cegs.itesm.mx /usr/www/docs/educacionenlinea/material/mate_bas/cerrada/images assigbutton.jpg
1999.12.10 09:00 B C:\WINDOWS\Desktop\mate_bas\cerrada\images\assignment.jpg --> www.cegs.itesm.mx /usr/www/docs/educacionenlinea/material/mate_bas/cerrada/images assignment.jpg
1999.12.10 09:00 B C:\WINDOWS\Desktop\mate_bas\cerrada\images\backrojo.jpg --> www.cegs.itesm.mx /usr/www/docs/educacionenlinea/material/mate_bas/cerrada/images backrojo.jpg
1999.12.10 09:00 B C:\WINDOWS\Desktop\mate_bas\cerrada\images\banner1.jpg --> www.cegs.itesm.mx /usr/www/docs/educacionenlinea/material/mate_bas/cerrada/images banner1.jpg
1999.12.10 09:00 B C:\WINDOWS\Desktop\mate_bas\cerrada\images\banner1_2.jpg --> www.cegs.itesm.mx /usr/www/docs/educacionenlinea/material/mate_bas/cerrada/images banner1_2.jpg
1999.12.10 09:00 B C:\WINDOWS\Desktop\mate_bas\cerrada\images\banner1_2.mic --> www.cegs.itesm.mx /usr/www/docs/educacionenlinea/material/mate_bas/cerrada/images banner1_2.mic
1999.12.10 09:00 B C:\WINDOWS\Desktop\mate_bas\cerrada\images\beginbutton.jpg --> www.cegs.itesm.mx /usr/www/docs/educacionenlinea/material/mate_bas/cerrada/images beginbutton.jpg
1999.12.10 09:00 B C:\WINDOWS\Desktop\mate_bas\cerrada\images\benlinea.jpg --> www.cegs.itesm.mx /usr/www/docs/educacionenlinea/material/mate_bas/cerrada/images benlinea.jpg
1999.12.10 09:00 B C:\WINDOWS\Desktop\mate_bas\cerrada\images\bl-royalb.gif --> www.cegs.itesm.mx /usr/www/docs/educacionenlinea/material/mate_bas/cerrada/images bl-royalb.gif
1999.12.10 09:00 B C:\WINDOWS\Desktop\mate_bas\cerrada\images\blueback.gif --> www.cegs.itesm.mx /usr/www/docs/educacionenlinea/material/mate_bas/cerrada/images blueback.gif
1999.12.10 09:00 B C:\WINDOWS\Desktop\mate_bas\cerrada\images\bulb1.gif --> www.cegs.itesm.mx /usr/www/docs/educacionenlinea/material/mate_bas/cerrada/images bulb1.gif
1999.12.10 09:00 B C:\WINDOWS\Desktop\mate_bas\cerrada\images\campus.jpg --> www.cegs.itesm.mx /usr/www/docs/educacionenlinea/material/mate_bas/cerrada/images campus.jpg
1999.12.10 09:00 B C:\WINDOWS\Desktop\mate_bas\cerrada\images\diagrama.jpg --> www.cegs.itesm.mx /usr/www/docs/educacionenlinea/material/mate_bas/cerrada/images diagrama.jpg
1999.12.10 09:00 B C:\WINDOWS\Desktop\mate_bas\cerrada\images\eccomp1.jpg --> www.cegs.itesm.mx /usr/www/docs/educacionenlinea/material/mate_bas/cerrada/images eccomp1.jpg
1999.12.10 09:00 B C:\WINDOWS\Desktop\mate_bas\cerrada\images\eccomp2.jpg --> www.cegs.itesm.mx /usr/www/docs/educacionenlinea/material/mate_bas/cerrada/images eccomp2.jpg
1999.12.10 09:00 B C:\WINDOWS\Desktop\mate_bas\cerrada\images\eccomp3.jpg --> www.cegs.itesm.mx /usr/www/docs/educacionenlinea/material/mate_bas/cerrada/images eccomp3.jpg
1999.12.10 09:00 B C:\WINDOWS\Desktop\mate_bas\cerrada\images\espera.gif --> www.cegs.itesm.mx /usr/www/docs/educacionenlinea/material/mate_bas/cerrada/images espera.gif
1999.12.10 09:00 B C:\WINDOWS\Desktop\mate_bas\cerrada\images\excelc3.jpg --> www.cegs.itesm.mx /usr/www/docs/educacionenlinea/material/mate_bas/cerrada/images excelc3.jpg
1999.12.10 09:00 B C:\WINDOWS\Desktop\mate_bas\cerrada\images\excelc4.jpg --> www.cegs.itesm.mx /usr/www/docs/educacionenlinea/material/mate_bas/cerrada/images excelc4.jpg
1999.12.10 09:00 B C:\WINDOWS\Desktop\mate_bas\cerrada\images\excelc5.jpg --> www.cegs.itesm.mx /usr/www/docs/educacionenlinea/material/mate_bas/cerrada/images excelc5.jpg
1999.12.10 09:00 B C:\WINDOWS\Desktop\mate_bas\cerrada\images\excelc6.jpg --> www.cegs.itesm.mx /usr/www/docs/educacionenlinea/material/mate_bas/cerrada/images excelc6.jpg
1999.12.10 09:00 B C:\WINDOWS\Desktop\mate_bas\cerrada\images\excelc7.jpg --> www.cegs.itesm.mx /usr/www/docs/educacionenlinea/material/mate_bas/cerrada/images excelc7.jpg
1999.12.10 09:00 B C:\WINDOWS\Desktop\mate_bas\cerrada\images\excelc8.jpg --> www.cegs.itesm.mx /usr/www/docs/educacionenlinea/material/mate_bas/cerrada/images excelc8.jpg
1999.12.10 09:00 B C:\WINDOWS\Desktop\mate_bas\cerrada\images\green.jpg --> www.cegs.itesm.mx /usr/www/docs/educacionenlinea/material/mate_bas/cerrada/images green.jpg
1999.12.10 09:00 B C:\WINDOWS\Desktop\mate_bas\cerrada\images\Guión negro.gif --> www.cegs.itesm.mx /usr/www/docs/educacionenlinea/material/mate_bas/cerrada/images Guión negro.gif
1999.12.10 09:00 B C:\WINDOWS\Desktop\mate_bas\cerrada\images\image1.gif --> www.cegs.itesm.mx /usr/www/docs/educacionenlinea/material/mate_bas/cerrada/images image1.gif
1999.12.10 09:00 B C:\WINDOWS\Desktop\mate_bas\cerrada\images\image10.gif --> www.cegs.itesm.mx /usr/www/docs/educacionenlinea/material/mate_bas/cerrada/images image10.gif
1999.12.10 09:00 B C:\WINDOWS\Desktop\mate_bas\cerrada\images\image10.jpg --> www.cegs.itesm.mx /usr/www/docs/educacionenlinea/material/mate_bas/cerrada/images image10.jpg
1999.12.10 09:00 B C:\WINDOWS\Desktop\mate_bas\cerrada\images\image11.gif --> www.cegs.itesm.mx /usr/www/docs/educacionenlinea/material/mate_bas/cerrada/images image11.gif
1999.12.10 09:00 B C:\WINDOWS\Desktop\mate_bas\cerrada\images\image12.gif --> www.cegs.itesm.mx /usr/www/docs/educacionenlinea/material/mate_bas/cerrada/images image12.gif
1999.12.10 09:00 B C:\WINDOWS\Desktop\mate_bas\cerrada\images\image12.jpg --> www.cegs.itesm.mx /usr/www/docs/educacionenlinea/material/mate_bas/cerrada/images image12.jpg
1999.12.10 09:00 B C:\WINDOWS\Desktop\mate_bas\cerrada\images\image13.gif --> www.cegs.itesm.mx /usr/www/docs/educacionenlinea/material/mate_bas/cerrada/images image13.gif
1999.12.10 09:00 B C:\WINDOWS\Desktop\mate_bas\cerrada\images\image14.jpg --> www.cegs.itesm.mx /usr/www/docs/educacionenlinea/material/mate_bas/cerrada/images image14.jpg
1999.12.10 09:00 B C:\WINDOWS\Desktop\mate_bas\cerrada\images\image15.gif --> www.cegs.itesm.mx /usr/www/docs/educacionenlinea/material/mate_bas/cerrada/images image15.gif
1999.12.10 09:00 B C:\WINDOWS\Desktop\mate_bas\cerrada\images\image16.jpg --> www.cegs.itesm.mx /usr/www/docs/educacionenlinea/material/mate_bas/cerrada/images image16.jpg
1999.12.10 09:00 B C:\WINDOWS\Desktop\mate_bas\cerrada\images\image17.gif --> www.cegs.itesm.mx /usr/www/docs/educacionenlinea/material/mate_bas/cerrada/images image17.gif
1999.12.10 09:00 B C:\WINDOWS\Desktop\mate_bas\cerrada\images\image18.gif --> www.cegs.itesm.mx /usr/www/docs/educacionenlinea/material/mate_bas/cerrada/images image18.gif
1999.12.10 09:00 B C:\WINDOWS\Desktop\mate_bas\cerrada\images\image19.jpg --> www.cegs.itesm.mx /usr/www/docs/educacionenlinea/material/mate_bas/cerrada/images image19.jpg
1999.12.10 09:00 B C:\WINDOWS\Desktop\mate_bas\cerrada\images\image2.gif --> www.cegs.itesm.mx /usr/www/docs/educacionenlinea/material/mate_bas/cerrada/images image2.gif
1999.12.10 09:00 B C:\WINDOWS\Desktop\mate_bas\cerrada\images\image20.jpg --> www.cegs.itesm.mx /usr/www/docs/educacionenlinea/material/mate_bas/cerrada/images image20.jpg
1999.12.10 09:00 B C:\WINDOWS\Desktop\mate_bas\cerrada\images\image21.gif --> www.cegs.itesm.mx /usr/www/docs/educacionenlinea/material/mate_bas/cerrada/images image21.gif
1999.12.10 09:00 B C:\WINDOWS\Desktop\mate_bas\cerrada\images\image22.jpg --> www.cegs.itesm.mx /usr/www/docs/educacionenlinea/material/mate_bas/cerrada/images image22.jpg
1999.12.10 09:00 B C:\WINDOWS\Desktop\mate_bas\cerrada\images\image23.jpg --> www.cegs.itesm.mx /usr/www/docs/educacionenlinea/material/mate_bas/cerrada/images image23.jpg
1999.12.10 09:00 B C:\WINDOWS\Desktop\mate_bas\cerrada\images\image24.gif --> www.cegs.itesm.mx /usr/www/docs/educacionenlinea/material/mate_bas/cerrada/images image24.gif
1999.12.10 09:00 B C:\WINDOWS\Desktop\mate_bas\cerrada\images\image25.jpg --> www.cegs.itesm.mx /usr/www/docs/educacionenlinea/material/mate_bas/cerrada/images image25.jpg
1999.12.10 09:00 B C:\WINDOWS\Desktop\mate_bas\cerrada\images\image26.jpg --> www.cegs.itesm.mx /usr/www/docs/educacionenlinea/material/mate_bas/cerrada/images image26.jpg
1999.12.10 09:00 B C:\WINDOWS\Desktop\mate_bas\cerrada\images\image27.gif --> www.cegs.itesm.mx /usr/www/docs/educacionenlinea/material/mate_bas/cerrada/images image27.gif
1999.12.10 09:00 B C:\WINDOWS\Desktop\mate_bas\cerrada\images\image28.jpg --> www.cegs.itesm.mx /usr/www/docs/educacionenlinea/material/mate_bas/cerrada/images image28.jpg
1999.12.10 09:00 B C:\WINDOWS\Desktop\mate_bas\cerrada\images\image29.jpg --> www.cegs.itesm.mx /usr/www/docs/educacionenlinea/material/mate_bas/cerrada/images image29.jpg
1999.12.10 09:00 B C:\WINDOWS\Desktop\mate_bas\cerrada\images\image30.gif --> www.cegs.itesm.mx /usr/www/docs/educacionenlinea/material/mate_bas/cerrada/images image30.gif
1999.12.10 09:00 B C:\WINDOWS\Desktop\mate_bas\cerrada\images\image31.jpg --> www.cegs.itesm.mx /usr/www/docs/educacionenlinea/material/mate_bas/cerrada/images image31.jpg
1999.12.10 09:00 B C:\WINDOWS\Desktop\mate_bas\cerrada\images\image32.jpg --> www.cegs.itesm.mx /usr/www/docs/educacionenlinea/material/mate_bas/cerrada/images image32.jpg
1999.12.10 09:00 B C:\WINDOWS\Desktop\mate_bas\cerrada\images\image33.gif --> www.cegs.itesm.mx /usr/www/docs/educacionenlinea/material/mate_bas/cerrada/images image33.gif
1999.12.10 09:00 B C:\WINDOWS\Desktop\mate_bas\cerrada\images\image34.gif --> www.cegs.itesm.mx /usr/www/docs/educacionenlinea/material/mate_bas/cerrada/images image34.gif
1999.12.10 09:00 B C:\WINDOWS\Desktop\mate_bas\cerrada\images\Image38.jpg --> www.cegs.itesm.mx /usr/www/docs/educacionenlinea/material/mate_bas/cerrada/images Image38.jpg
1999.12.10 09:00 B C:\WINDOWS\Desktop\mate_bas\cerrada\images\image5.gif --> www.cegs.itesm.mx /usr/www/docs/educacionenlinea/material/mate_bas/cerrada/images image5.gif
1999.12.10 09:00 B C:\WINDOWS\Desktop\mate_bas\cerrada\images\image6.jpg --> www.cegs.itesm.mx /usr/www/docs/educacionenlinea/material/mate_bas/cerrada/images image6.jpg
1999.12.10 09:00 B C:\WINDOWS\Desktop\mate_bas\cerrada\images\image7.gif --> www.cegs.itesm.mx /usr/www/docs/educacionenlinea/material/mate_bas/cerrada/images image7.gif
1999.12.10 09:00 B C:\WINDOWS\Desktop\mate_bas\cerrada\images\image8.gif --> www.cegs.itesm.mx /usr/www/docs/educacionenlinea/material/mate_bas/cerrada/images image8.gif
1999.12.10 09:00 B C:\WINDOWS\Desktop\mate_bas\cerrada\images\Image80.jpg --> www.cegs.itesm.mx /usr/www/docs/educacionenlinea/material/mate_bas/cerrada/images Image80.jpg
1999.12.10 09:00 B C:\WINDOWS\Desktop\mate_bas\cerrada\images\Image81.jpg --> www.cegs.itesm.mx /usr/www/docs/educacionenlinea/material/mate_bas/cerrada/images Image81.jpg
1999.12.10 09:00 B C:\WINDOWS\Desktop\mate_bas\cerrada\images\Image82.jpg --> www.cegs.itesm.mx /usr/www/docs/educacionenlinea/material/mate_bas/cerrada/images Image82.jpg
1999.12.10 09:00 B C:\WINDOWS\Desktop\mate_bas\cerrada\images\Image83.jpg --> www.cegs.itesm.mx /usr/www/docs/educacionenlinea/material/mate_bas/cerrada/images Image83.jpg
1999.12.10 09:00 B C:\WINDOWS\Desktop\mate_bas\cerrada\images\Image84.jpg --> www.cegs.itesm.mx /usr/www/docs/educacionenlinea/material/mate_bas/cerrada/images Image84.jpg
1999.12.10 09:00 B C:\WINDOWS\Desktop\mate_bas\cerrada\images\Image85.jpg --> www.cegs.itesm.mx /usr/www/docs/educacionenlinea/material/mate_bas/cerrada/images Image85.jpg
1999.12.10 09:00 B C:\WINDOWS\Desktop\mate_bas\cerrada\images\Image86.jpg --> www.cegs.itesm.mx /usr/www/docs/educacionenlinea/material/mate_bas/cerrada/images Image86.jpg
1999.12.10 09:00 B C:\WINDOWS\Desktop\mate_bas\cerrada\images\Image87.jpg --> www.cegs.itesm.mx /usr/www/docs/educacionenlinea/material/mate_bas/cerrada/images Image87.jpg
1999.12.10 09:00 B C:\WINDOWS\Desktop\mate_bas\cerrada\images\Image88.jpg --> www.cegs.itesm.mx /usr/www/docs/educacionenlinea/material/mate_bas/cerrada/images Image88.jpg
1999.12.10 09:00 B C:\WINDOWS\Desktop\mate_bas\cerrada\images\Image89.jpg --> www.cegs.itesm.mx /usr/www/docs/educacionenlinea/material/mate_bas/cerrada/images Image89.jpg
1999.12.10 09:00 B C:\WINDOWS\Desktop\mate_bas\cerrada\images\image9.gif --> www.cegs.itesm.mx /usr/www/docs/educacionenlinea/material/mate_bas/cerrada/images image9.gif
1999.12.10 09:00 B C:\WINDOWS\Desktop\mate_bas\cerrada\images\Image90.jpg --> www.cegs.itesm.mx /usr/www/docs/educacionenlinea/material/mate_bas/cerrada/images Image90.jpg
1999.12.10 09:00 B C:\WINDOWS\Desktop\mate_bas\cerrada\images\imagen_8.jpg --> www.cegs.itesm.mx /usr/www/docs/educacionenlinea/material/mate_bas/cerrada/images imagen_8.jpg
1999.12.10 09:00 B C:\WINDOWS\Desktop\mate_bas\cerrada\images\indbul2a.gif --> www.cegs.itesm.mx /usr/www/docs/educacionenlinea/material/mate_bas/cerrada/images indbul2a.gif
1999.12.10 09:00 B C:\WINDOWS\Desktop\mate_bas\cerrada\images\indice.jpg --> www.cegs.itesm.mx /usr/www/docs/educacionenlinea/material/mate_bas/cerrada/images indice.jpg
1999.12.10 09:00 B C:\WINDOWS\Desktop\mate_bas\cerrada\images\indtextb.jpg --> www.cegs.itesm.mx /usr/www/docs/educacionenlinea/material/mate_bas/cerrada/images indtextb.jpg
1999.12.10 09:00 B C:\WINDOWS\Desktop\mate_bas\cerrada\images\nl.gif --> www.cegs.itesm.mx /usr/www/docs/educacionenlinea/material/mate_bas/cerrada/images nl.gif
1999.12.10 09:00 B C:\WINDOWS\Desktop\mate_bas\cerrada\images\nl.jpg --> www.cegs.itesm.mx /usr/www/docs/educacionenlinea/material/mate_bas/cerrada/images nl.jpg
1999.12.10 09:00 B C:\WINDOWS\Desktop\mate_bas\cerrada\images\nleon.jpg --> www.cegs.itesm.mx /usr/www/docs/educacionenlinea/material/mate_bas/cerrada/images nleon.jpg
1999.12.10 09:00 B C:\WINDOWS\Desktop\mate_bas\cerrada\images\Nuevo_Leon.jpg --> www.cegs.itesm.mx /usr/www/docs/educacionenlinea/material/mate_bas/cerrada/images Nuevo_Leon.jpg
1999.12.10 09:00 B C:\WINDOWS\Desktop\mate_bas\cerrada\images\ojo.jpg --> www.cegs.itesm.mx /usr/www/docs/educacionenlinea/material/mate_bas/cerrada/images ojo.jpg
1999.12.10 09:00 B C:\WINDOWS\Desktop\mate_bas\cerrada\images\pointy1.gif --> www.cegs.itesm.mx /usr/www/docs/educacionenlinea/material/mate_bas/cerrada/images pointy1.gif
1999.12.10 09:00 B C:\WINDOWS\Desktop\mate_bas\cerrada\images\pspbrwse.jbf --> www.cegs.itesm.mx /usr/www/docs/educacionenlinea/material/mate_bas/cerrada/images pspbrwse.jbf
1999.12.10 09:00 B C:\WINDOWS\Desktop\mate_bas\cerrada\images\pueblo.jpg --> www.cegs.itesm.mx /usr/www/docs/educacionenlinea/material/mate_bas/cerrada/images pueblo.jpg
1999.12.10 09:00 B C:\WINDOWS\Desktop\mate_bas\cerrada\images\razas.jpg --> www.cegs.itesm.mx /usr/www/docs/educacionenlinea/material/mate_bas/cerrada/images razas.jpg
1999.12.10 09:00 B C:\WINDOWS\Desktop\mate_bas\cerrada\images\save.jpg --> www.cegs.itesm.mx /usr/www/docs/educacionenlinea/material/mate_bas/cerrada/images save.jpg
1999.12.10 09:00 B C:\WINDOWS\Desktop\mate_bas\cerrada\images\select.jpg --> www.cegs.itesm.mx /usr/www/docs/educacionenlinea/material/mate_bas/cerrada/images select.jpg
1999.12.10 09:00 B C:\WINDOWS\Desktop\mate_bas\cerrada\images\TecPC.gif --> www.cegs.itesm.mx /usr/www/docs/educacionenlinea/material/mate_bas/cerrada/images TecPC.gif
1999.12.10 09:00 B C:\WINDOWS\Desktop\mate_bas\cerrada\images\tickb.gif --> www.cegs.itesm.mx /usr/www/docs/educacionenlinea/material/mate_bas/cerrada/images tickb.gif
1999.12.10 09:00 B C:\WINDOWS\Desktop\mate_bas\cerrada\images\unidad1.jpg --> www.cegs.itesm.mx /usr/www/docs/educacionenlinea/material/mate_bas/cerrada/images unidad1.jpg
